<?xml version="1.0" encoding="UTF-8"?>
<!-- Generated by org.testng.reporters.JUnitReportReporter -->
<testsuite skipped="0" hostname="Tejomayis-MBP" name="com.test.TestNgBasics" tests="3" failures="0" timestamp="2021-01-05T18:31:52 CST" time="0.009" errors="0">
  <testcase name="agoogleLogoTest" time="0.006" classname="com.test.TestNgBasics"/>
  <system-out/>
  <testcase name="bsearchTest" time="0.002" classname="com.test.TestNgBasics"/>
  <system-out/>
  <testcase name="cgoogleTitleTest" time="0.001" classname="com.test.TestNgBasics"/>
  <system-out/>
</testsuite> <!-- com.test.TestNgBasics -->
