<?xml version="1.0" encoding="UTF-8"?>
<!-- Generated by org.testng.reporters.JUnitReportReporter -->
<testsuite skipped="0" hostname="Tejomayis-MBP" name="com.test.ExceptionTimeOut" tests="1" failures="0" timestamp="2021-01-07T11:00:33 CST" time="0.006" errors="0">
  <testcase name="exceptionhandling" time="0.006" classname="com.test.ExceptionTimeOut"/>
  <system-out/>
</testsuite> <!-- com.test.ExceptionTimeOut -->
