<?xml version="1.0" encoding="UTF-8"?>
<!-- Generated by org.testng.reporters.JUnitReportReporter -->
<testsuite skipped="0" hostname="Tejomayis-MBP" name="com.test.InvocationCount" tests="10" failures="0" timestamp="2021-01-06T17:43:21 CST" time="0.019" errors="0">
  <testcase name="add" time="0.002" classname="com.test.InvocationCount"/>
  <system-out/>
  <testcase name="add" time="0.001" classname="com.test.InvocationCount"/>
  <system-out/>
  <testcase name="add" time="0.001" classname="com.test.InvocationCount"/>
  <system-out/>
  <testcase name="add" time="0.001" classname="com.test.InvocationCount"/>
  <system-out/>
  <testcase name="add" time="0.001" classname="com.test.InvocationCount"/>
  <system-out/>
  <testcase name="add" time="0.001" classname="com.test.InvocationCount"/>
  <system-out/>
  <testcase name="add" time="0.000" classname="com.test.InvocationCount"/>
  <system-out/>
  <testcase name="add" time="0.001" classname="com.test.InvocationCount"/>
  <system-out/>
  <testcase name="add" time="0.010" classname="com.test.InvocationCount"/>
  <system-out/>
  <testcase name="add" time="0.001" classname="com.test.InvocationCount"/>
  <system-out/>
</testsuite> <!-- com.test.InvocationCount -->
